| 🏷️ LEVEL: http%TIMESTAMP: Oct-30-2022 19:32:03%METHOD: POST%URL: /api/user/authentication%STATUS_CODE: 200%ACCESS_BY: -
| 🏷️ LEVEL: http%TIMESTAMP: Oct-30-2022 19:32:03%METHOD: GET%URL: /api/attendance/analysis%STATUS_CODE: 401%ACCESS_BY: -
| 🏷️ LEVEL: http%TIMESTAMP: Oct-30-2022 19:32:03%METHOD: GET%URL: /api/attendance/list/my/user-fJoH1-MY4zlSVY8I%STATUS_CODE: 401%ACCESS_BY: -
| 🏷️ LEVEL: http%TIMESTAMP: Oct-30-2022 19:32:03%METHOD: GET%URL: /api/attendance/analysis%STATUS_CODE: 401%ACCESS_BY: -
| 🏷️ LEVEL: http%TIMESTAMP: Oct-30-2022 19:32:03%METHOD: PUT%URL: /api/user/authentication%STATUS_CODE: 406%ACCESS_BY: -
| 🏷️ LEVEL: http%TIMESTAMP: Oct-30-2022 19:32:03%METHOD: GET%URL: /api/attendance/list/my/user-fJoH1-MY4zlSVY8I%STATUS_CODE: 401%ACCESS_BY: -
| 🏷️ LEVEL: http%TIMESTAMP: Oct-30-2022 19:32:03%METHOD: PUT%URL: /api/user/authentication%STATUS_CODE: 406%ACCESS_BY: -
| 🏷️ LEVEL: http%TIMESTAMP: Oct-30-2022 19:32:03%METHOD: PUT%URL: /api/user/authentication%STATUS_CODE: 406%ACCESS_BY: -
| 🏷️ LEVEL: http%TIMESTAMP: Oct-30-2022 19:32:04%METHOD: PUT%URL: /api/user/authentication%STATUS_CODE: 406%ACCESS_BY: -
| 🏷️ LEVEL: http%TIMESTAMP: Oct-30-2022 19:32:06%METHOD: GET%URL: /api/attendance/list/my/user-c_4NC8v2Hjy5cJ0j%STATUS_CODE: 304%ACCESS_BY: Ramdhani
| 🏷️ LEVEL: http%TIMESTAMP: Oct-30-2022 19:32:06%METHOD: GET%URL: /api/attendance/list/my/user-c_4NC8v2Hjy5cJ0j%STATUS_CODE: 304%ACCESS_BY: Ramdhani
| 🏷️ LEVEL: http%TIMESTAMP: Oct-30-2022 19:32:06%METHOD: GET%URL: /api/attendance/analysis%STATUS_CODE: 304%ACCESS_BY: Ramdhani
| 🏷️ LEVEL: http%TIMESTAMP: Oct-30-2022 19:32:06%METHOD: GET%URL: /api/attendance/analysis%STATUS_CODE: 304%ACCESS_BY: Ramdhani
| 🏷️ LEVEL: http%TIMESTAMP: Oct-30-2022 19:32:18%METHOD: GET%URL: /api/attendance/analysis%STATUS_CODE: 401%ACCESS_BY: -
| 🏷️ LEVEL: http%TIMESTAMP: Oct-30-2022 19:32:18%METHOD: GET%URL: /api/attendance/list/my/user-c_4NC8v2Hjy5cJ0j%STATUS_CODE: 401%ACCESS_BY: -
| 🏷️ LEVEL: http%TIMESTAMP: Oct-30-2022 19:32:18%METHOD: GET%URL: /api/attendance/analysis%STATUS_CODE: 401%ACCESS_BY: -
| 🏷️ LEVEL: http%TIMESTAMP: Oct-30-2022 19:32:18%METHOD: GET%URL: /api/attendance/list/my/user-c_4NC8v2Hjy5cJ0j%STATUS_CODE: 401%ACCESS_BY: -
| 🏷️ LEVEL: http%TIMESTAMP: Oct-30-2022 19:32:20%METHOD: PUT%URL: /api/user/authentication%STATUS_CODE: 201%ACCESS_BY: -
| 🏷️ LEVEL: http%TIMESTAMP: Oct-30-2022 19:32:20%METHOD: PUT%URL: /api/user/authentication%STATUS_CODE: 201%ACCESS_BY: -
| 🏷️ LEVEL: http%TIMESTAMP: Oct-30-2022 19:32:20%METHOD: PUT%URL: /api/user/authentication%STATUS_CODE: 201%ACCESS_BY: -
| 🏷️ LEVEL: http%TIMESTAMP: Oct-30-2022 19:32:20%METHOD: PUT%URL: /api/user/authentication%STATUS_CODE: 201%ACCESS_BY: -
| 🏷️ LEVEL: http%TIMESTAMP: Oct-30-2022 19:32:21%METHOD: GET%URL: /api/attendance/analysis%STATUS_CODE: 304%ACCESS_BY: Ramdhani
| 🏷️ LEVEL: http%TIMESTAMP: Oct-30-2022 19:32:21%METHOD: GET%URL: /api/attendance/list/my/user-c_4NC8v2Hjy5cJ0j%STATUS_CODE: 304%ACCESS_BY: Ramdhani
| 🏷️ LEVEL: http%TIMESTAMP: Oct-30-2022 19:32:21%METHOD: GET%URL: /api/attendance/analysis%STATUS_CODE: 304%ACCESS_BY: Ramdhani
| 🏷️ LEVEL: http%TIMESTAMP: Oct-30-2022 19:32:21%METHOD: GET%URL: /api/attendance/list/my/user-c_4NC8v2Hjy5cJ0j%STATUS_CODE: 304%ACCESS_BY: Ramdhani
| 🏷️ LEVEL: http%TIMESTAMP: Oct-30-2022 19:32:24%METHOD: GET%URL: /api/users/list/%STATUS_CODE: 401%ACCESS_BY: -
| 🏷️ LEVEL: http%TIMESTAMP: Oct-30-2022 19:32:24%METHOD: GET%URL: /api/users/list/%STATUS_CODE: 401%ACCESS_BY: -
| 🏷️ LEVEL: http%TIMESTAMP: Oct-30-2022 19:32:24%METHOD: PUT%URL: /api/user/authentication%STATUS_CODE: 201%ACCESS_BY: -
| 🏷️ LEVEL: http%TIMESTAMP: Oct-30-2022 19:32:24%METHOD: PUT%URL: /api/user/authentication%STATUS_CODE: 201%ACCESS_BY: -
| 🏷️ LEVEL: http%TIMESTAMP: Oct-30-2022 19:32:24%METHOD: GET%URL: /api/users/list/%STATUS_CODE: 200%ACCESS_BY: Ramdhani
| 🏷️ LEVEL: http%TIMESTAMP: Oct-30-2022 19:32:24%METHOD: GET%URL: /api/users/list/%STATUS_CODE: 304%ACCESS_BY: Ramdhani
| 🏷️ LEVEL: http%TIMESTAMP: Oct-30-2022 19:33:22%METHOD: GET%URL: /api/users/single/%STATUS_CODE: 401%ACCESS_BY: -
| 🏷️ LEVEL: http%TIMESTAMP: Oct-30-2022 19:33:22%METHOD: GET%URL: /api/users/single/%STATUS_CODE: 401%ACCESS_BY: -
| 🏷️ LEVEL: http%TIMESTAMP: Oct-30-2022 19:33:23%METHOD: PUT%URL: /api/user/authentication%STATUS_CODE: 201%ACCESS_BY: -
| 🏷️ LEVEL: http%TIMESTAMP: Oct-30-2022 19:33:24%METHOD: PUT%URL: /api/user/authentication%STATUS_CODE: 201%ACCESS_BY: -
| 🏷️ LEVEL: http%TIMESTAMP: Oct-30-2022 19:33:24%METHOD: GET%URL: /api/users/single/%STATUS_CODE: 200%ACCESS_BY: Ramdhani
| 🏷️ LEVEL: http%TIMESTAMP: Oct-30-2022 19:33:24%METHOD: GET%URL: /api/users/single/%STATUS_CODE: 304%ACCESS_BY: Ramdhani
| 🏷️ LEVEL: http%TIMESTAMP: Oct-30-2022 19:33:29%METHOD: GET%URL: /api/attendance/list/nothing%STATUS_CODE: 401%ACCESS_BY: -
| 🏷️ LEVEL: http%TIMESTAMP: Oct-30-2022 19:33:29%METHOD: GET%URL: /api/attendance/list/nothing%STATUS_CODE: 401%ACCESS_BY: -
| 🏷️ LEVEL: http%TIMESTAMP: Oct-30-2022 19:33:29%METHOD: PUT%URL: /api/user/authentication%STATUS_CODE: 201%ACCESS_BY: -
| 🏷️ LEVEL: http%TIMESTAMP: Oct-30-2022 19:33:29%METHOD: PUT%URL: /api/user/authentication%STATUS_CODE: 201%ACCESS_BY: -
| 🏷️ LEVEL: http%TIMESTAMP: Oct-30-2022 19:33:30%METHOD: GET%URL: /api/attendance/list/nothing%STATUS_CODE: 200%ACCESS_BY: Ramdhani
| 🏷️ LEVEL: http%TIMESTAMP: Oct-30-2022 19:33:30%METHOD: GET%URL: /api/attendance/list/nothing%STATUS_CODE: 304%ACCESS_BY: Ramdhani
| 🏷️ LEVEL: http%TIMESTAMP: Oct-30-2022 19:33:41%METHOD: DELETE%URL: /api/user/authentication%STATUS_CODE: 200%ACCESS_BY: -
